Running: C:\Xilinx\13.3\ISE_DS\ISE\bin\nt\unwrapped\fuse.exe -intstyle ise -incremental -lib secureip -o C:/Documents and Settings/paulmoon/Desktop/SENG440/huffman/huffman_testbench_isim_beh.exe -prj C:/Documents and Settings/paulmoon/Desktop/SENG440/huffman/huffman_testbench_beh.prj work.huffman_testbench 
ISim O.76xd (signature 0x2f00eba5)
Number of CPUs detected in this system: 2
Turning on mult-threading, number of parallel sub-compilation jobs: 4 
Determining compilation order of HDL files
Parsing VHDL file "C:/Documents and Settings/paulmoon/Desktop/SENG440/huffman/huffman_decoder.vhd" into library work
Parsing VHDL file "C:/Documents and Settings/paulmoon/Desktop/SENG440/huffman/huffman_testbench.vhd" into library work
Starting static elaboration
Completed static elaboration
Fuse Memory Usage: 65648 KB
Fuse CPU Usage: 327 ms
Compiling package standard
Compiling package std_logic_1164
Compiling package numeric_std
Compiling package textio
Compiling architecture behavioral of entity huffman_decoder [huffman_decoder_default]
Compiling architecture behavior of entity huffman_testbench
Time Resolution for simulation is 1ps.
Waiting for 2 sub-compilation(s) to finish...
Compiled 7 VHDL Units
Built simulation executable C:/Documents and Settings/paulmoon/Desktop/SENG440/huffman/huffman_testbench_isim_beh.exe
Fuse Memory Usage: 82228 KB
Fuse CPU Usage: 515 ms
